GowinSynthesis start
Running parser ...
Analyzing Verilog file '/home/lpnm/Documents/Electronica/Sipeed/Tang_Nano_9K/Yunyuan_Software/Gowin_V1.9.9Beta-6_linux/IDE/ipcore/FIFO_HS/data/fifo_hs.v'
Analyzing included file 'fifo_define.v'("/home/lpnm/Documents/Electronica/Sipeed/Tang_Nano_9K/Yunyuan_Software/Gowin_V1.9.9Beta-6_linux/IDE/ipcore/FIFO_HS/data/fifo_hs.v":15293)
Back to file '/home/lpnm/Documents/Electronica/Sipeed/Tang_Nano_9K/Yunyuan_Software/Gowin_V1.9.9Beta-6_linux/IDE/ipcore/FIFO_HS/data/fifo_hs.v'("/home/lpnm/Documents/Electronica/Sipeed/Tang_Nano_9K/Yunyuan_Software/Gowin_V1.9.9Beta-6_linux/IDE/ipcore/FIFO_HS/data/fifo_hs.v":15293)
Analyzing included file '/home/lpnm/Documents/Electronica/Sipeed/Tang_Nano_9K/Yunyuan_Software/Gowin_V1.9.9Beta-6_linux/IDE/ipcore/FIFO_HS/data/static_macro_define.v'("/home/lpnm/Documents/Electronica/Sipeed/Tang_Nano_9K/Yunyuan_Software/Gowin_V1.9.9Beta-6_linux/IDE/ipcore/FIFO_HS/data/fifo_hs.v":15293)
Back to file '/home/lpnm/Documents/Electronica/Sipeed/Tang_Nano_9K/Yunyuan_Software/Gowin_V1.9.9Beta-6_linux/IDE/ipcore/FIFO_HS/data/fifo_hs.v'("/home/lpnm/Documents/Electronica/Sipeed/Tang_Nano_9K/Yunyuan_Software/Gowin_V1.9.9Beta-6_linux/IDE/ipcore/FIFO_HS/data/fifo_hs.v":15293)
Analyzing included file 'fifo_parameter.v'("/home/lpnm/Documents/Electronica/Sipeed/Tang_Nano_9K/Yunyuan_Software/Gowin_V1.9.9Beta-6_linux/IDE/ipcore/FIFO_HS/data/fifo_hs.v":15293)
Back to file '/home/lpnm/Documents/Electronica/Sipeed/Tang_Nano_9K/Yunyuan_Software/Gowin_V1.9.9Beta-6_linux/IDE/ipcore/FIFO_HS/data/fifo_hs.v'("/home/lpnm/Documents/Electronica/Sipeed/Tang_Nano_9K/Yunyuan_Software/Gowin_V1.9.9Beta-6_linux/IDE/ipcore/FIFO_HS/data/fifo_hs.v":15293)
Analyzing included file 'fifo_define.v'("/home/lpnm/Documents/Electronica/Sipeed/Tang_Nano_9K/Yunyuan_Software/Gowin_V1.9.9Beta-6_linux/IDE/ipcore/FIFO_HS/data/fifo_hs.v":15293)
Back to file '/home/lpnm/Documents/Electronica/Sipeed/Tang_Nano_9K/Yunyuan_Software/Gowin_V1.9.9Beta-6_linux/IDE/ipcore/FIFO_HS/data/fifo_hs.v'("/home/lpnm/Documents/Electronica/Sipeed/Tang_Nano_9K/Yunyuan_Software/Gowin_V1.9.9Beta-6_linux/IDE/ipcore/FIFO_HS/data/fifo_hs.v":15293)
Analyzing included file '/home/lpnm/Documents/Electronica/Sipeed/Tang_Nano_9K/Yunyuan_Software/Gowin_V1.9.9Beta-6_linux/IDE/ipcore/FIFO_HS/data/static_macro_define.v'("/home/lpnm/Documents/Electronica/Sipeed/Tang_Nano_9K/Yunyuan_Software/Gowin_V1.9.9Beta-6_linux/IDE/ipcore/FIFO_HS/data/fifo_hs.v":15293)
Back to file '/home/lpnm/Documents/Electronica/Sipeed/Tang_Nano_9K/Yunyuan_Software/Gowin_V1.9.9Beta-6_linux/IDE/ipcore/FIFO_HS/data/fifo_hs.v'("/home/lpnm/Documents/Electronica/Sipeed/Tang_Nano_9K/Yunyuan_Software/Gowin_V1.9.9Beta-6_linux/IDE/ipcore/FIFO_HS/data/fifo_hs.v":15293)
Analyzing Verilog file '/home/lpnm/Documents/Electronica/Sipeed/Tang_Nano_9K/Yunyuan_Software/Gowin_V1.9.9Beta-6_linux/IDE/ipcore/FIFO_HS/data/fifo_hs_top.v'
Analyzing included file 'fifo_define.v'("/home/lpnm/Documents/Electronica/Sipeed/Tang_Nano_9K/Yunyuan_Software/Gowin_V1.9.9Beta-6_linux/IDE/ipcore/FIFO_HS/data/fifo_hs_top.v":1)
Back to file '/home/lpnm/Documents/Electronica/Sipeed/Tang_Nano_9K/Yunyuan_Software/Gowin_V1.9.9Beta-6_linux/IDE/ipcore/FIFO_HS/data/fifo_hs_top.v'("/home/lpnm/Documents/Electronica/Sipeed/Tang_Nano_9K/Yunyuan_Software/Gowin_V1.9.9Beta-6_linux/IDE/ipcore/FIFO_HS/data/fifo_hs_top.v":1)
Analyzing included file '/home/lpnm/Documents/Electronica/Sipeed/Tang_Nano_9K/Yunyuan_Software/Gowin_V1.9.9Beta-6_linux/IDE/ipcore/FIFO_HS/data/static_macro_define.v'("/home/lpnm/Documents/Electronica/Sipeed/Tang_Nano_9K/Yunyuan_Software/Gowin_V1.9.9Beta-6_linux/IDE/ipcore/FIFO_HS/data/fifo_hs_top.v":2)
Back to file '/home/lpnm/Documents/Electronica/Sipeed/Tang_Nano_9K/Yunyuan_Software/Gowin_V1.9.9Beta-6_linux/IDE/ipcore/FIFO_HS/data/fifo_hs_top.v'("/home/lpnm/Documents/Electronica/Sipeed/Tang_Nano_9K/Yunyuan_Software/Gowin_V1.9.9Beta-6_linux/IDE/ipcore/FIFO_HS/data/fifo_hs_top.v":2)
Analyzing included file 'fifo_parameter.v'("/home/lpnm/Documents/Electronica/Sipeed/Tang_Nano_9K/Yunyuan_Software/Gowin_V1.9.9Beta-6_linux/IDE/ipcore/FIFO_HS/data/fifo_hs_top.v":57)
Back to file '/home/lpnm/Documents/Electronica/Sipeed/Tang_Nano_9K/Yunyuan_Software/Gowin_V1.9.9Beta-6_linux/IDE/ipcore/FIFO_HS/data/fifo_hs_top.v'("/home/lpnm/Documents/Electronica/Sipeed/Tang_Nano_9K/Yunyuan_Software/Gowin_V1.9.9Beta-6_linux/IDE/ipcore/FIFO_HS/data/fifo_hs_top.v":57)
Compiling module 'FIFO_HS_SerialOut'("/home/lpnm/Documents/Electronica/Sipeed/Tang_Nano_9K/Yunyuan_Software/Gowin_V1.9.9Beta-6_linux/IDE/ipcore/FIFO_HS/data/fifo_hs_top.v":4)
Compiling module '**'("/home/lpnm/Documents/Electronica/Sipeed/Tang_Nano_9K/Yunyuan_Software/Gowin_V1.9.9Beta-6_linux/IDE/ipcore/FIFO_HS/data/fifo_hs.v":0)
Extracting RAM for identifier '**'("/home/lpnm/Documents/Electronica/Sipeed/Tang_Nano_9K/Yunyuan_Software/Gowin_V1.9.9Beta-6_linux/IDE/ipcore/FIFO_HS/data/fifo_hs.v":0)
NOTE  (EX0101) : Current top module is "FIFO_HS_SerialOut"
[5%] Running netlist conversion ...
Running device independent optimization ...
[10%] Optimizing Phase 0 completed
[15%] Optimizing Phase 1 completed
[25%] Optimizing Phase 2 completed
Running inference ...
[30%] Inferring Phase 0 completed
[40%] Inferring Phase 1 completed
[50%] Inferring Phase 2 completed
[55%] Inferring Phase 3 completed
Running technical mapping ...
[60%] Tech-Mapping Phase 0 completed
[65%] Tech-Mapping Phase 1 completed
[75%] Tech-Mapping Phase 2 completed
[80%] Tech-Mapping Phase 3 completed
[90%] Tech-Mapping Phase 4 completed
[95%] Generate netlist file "/home/lpnm/Documents/Electronica/Sipeed/Tang_Nano_20K/SDRAM_tester_apple2e/Apple2e_SDRAM_tester_TangNano20K/src/fifo_hs/temp/FIFOHS/fifo_hs_serialOut.vg" completed
Generate template file "/home/lpnm/Documents/Electronica/Sipeed/Tang_Nano_20K/SDRAM_tester_apple2e/Apple2e_SDRAM_tester_TangNano20K/src/fifo_hs/temp/FIFOHS/fifo_hs_serialOut_tmp.v" completed
[100%] Generate report file "/home/lpnm/Documents/Electronica/Sipeed/Tang_Nano_20K/SDRAM_tester_apple2e/Apple2e_SDRAM_tester_TangNano20K/src/fifo_hs/temp/FIFOHS/fifo_hs_serialOut_syn.rpt.html" completed
GowinSynthesis finish
